CODE/app/build/intermediates/manifest_merge_blame_file/debug/manifest-merger-blame-debug-report.txt
1<?xml version="1.0" encoding="utf-8"?>
2<manifest xmlns:android="http://schemas.android.com/apk/res/android"
3    package="com.martinstacey.ex02"
4    android:versionCode="6"
5    android:versionName="6.1" >
6
7    <uses-sdk
7-->src\main\AndroidManifest.xml:3:5-73
8        android:minSdkVersion="17"
8-->src\main\AndroidManifest.xml:3:15-41
9        android:targetSdkVersion="29" />
9-->src\main\AndroidManifest.xml:3:42-71
10
11    <application
11-->src\main\AndroidManifest.xml:4:5-11:19
12        android:appComponentFactory="androidx.core.app.CoreComponentFactory"
12-->[androidx.core:core:1.3.0] AndroidManifest.xml:24:18-86
13        android:debuggable="true"
14        android:icon="@mipmap/ic_launcher"
14-->src\main\AndroidManifest.xml:4:18-52
15        android:label="Veedu_Kattu"
15-->src\main\AndroidManifest.xml:4:53-80
16        android:testOnly="true" >
17        <activity
17-->src\main\AndroidManifest.xml:5:9-10:20
18            android:name="com.martinstacey.ex02.MainActivity"
18-->src\main\AndroidManifest.xml:5:19-47
19            android:theme="@style/Theme.AppCompat.Light.NoActionBar.FullScreen" >
19-->src\main\AndroidManifest.xml:5:48-115
20            <intent-filter>
20-->src\main\AndroidManifest.xml:6:13-9:29
21                <action android:name="android.intent.action.MAIN" />
21-->src\main\AndroidManifest.xml:7:17-68
21-->src\main\AndroidManifest.xml:7:25-66
22
23                <category android:name="android.intent.category.LAUNCHER" />
23-->src\main\AndroidManifest.xml:8:17-76
23-->src\main\AndroidManifest.xml:8:27-74
24            </intent-filter>
25        </activity>
26    </application>
27
28</manifest>